<?xml version='1.0' encoding='UTF-8'?>
<testsuite hostname="hesisenberg-Inspiron-7380" name="edu.colorado.csci3155.project1.CompilerTest" tests="8" errors="0" failures="0" skipped="0" time="0.034" timestamp="2022-05-26T12:24:18">
          <properties>
[...]
</properties>
          <testcase classname="edu.colorado.csci3155.project1.CompilerTest" name="simple expression 1" time="0.02">
                      
                    </testcase><testcase classname="edu.colorado.csci3155.project1.CompilerTest" name="simple expression 2" time="0.002">
                      
                    </testcase><testcase classname="edu.colorado.csci3155.project1.CompilerTest" name="simple expression 3" time="0.004">
                      
                    </testcase><testcase classname="edu.colorado.csci3155.project1.CompilerTest" name="simple expression 4" time="0.004">
                      
                    </testcase><testcase classname="edu.colorado.csci3155.project1.CompilerTest" name="LetBinding + Ident Test 1" time="0.001">
                      
                    </testcase><testcase classname="edu.colorado.csci3155.project1.CompilerTest" name="LetBinding + Ident Test 2" time="0.001">
                      
                    </testcase><testcase classname="edu.colorado.csci3155.project1.CompilerTest" name="LetBinding + Ident Test 3" time="0.001">
                      
                    </testcase><testcase classname="edu.colorado.csci3155.project1.CompilerTest" name="LetBinding + Ident Test 4" time="0.001">
                      
                    </testcase>
          <system-out><![CDATA[]]></system-out>
          <system-err><![CDATA[]]></system-err>
        </testsuite>